<?xml version="1.0" encoding="UTF-8"?>
<!-- Generated by org.testng.reporters.JUnitReportReporter -->
<testsuite hostname="DESKTOP-FJMC3VC" failures="0" tests="4" name="TestNG.DemoTestNG" time="0.020" errors="0" timestamp="11 Mar 2024 18:37:10 GMT" skipped="0">
  <testcase classname="TestNG.DemoTestNG" name="login" time="0.001"/>
  <testcase classname="TestNG.DemoTestNG" name="paymentPage" time="0.002"/>
  <testcase classname="TestNG.DemoTestNG" name="demoTest" time="0.015"/>
  <testcase classname="TestNG.DemoTestNG" name="searchProduct" time="0.002"/>
</testsuite> <!-- TestNG.DemoTestNG -->
